0 info it worked if it ends with ok
1 verbose cli [ '/Users/No51/.nvm/v0.10.32/bin/node',
1 verbose cli   '/Users/No51/.nvm/v0.10.32/bin/npm',
1 verbose cli   'run',
1 verbose cli   'build' ]
2 info using npm@1.4.28
3 info using node@v0.10.32
4 verbose run-script [ 'prebuild', 'build', 'postbuild' ]
5 info prebuild redux-study@1.0.0
6 info build redux-study@1.0.0
7 verbose unsafe-perm in lifecycle true
8 info redux-study@1.0.0 Failed to exec build script
9 error redux-study@1.0.0 build: `babel src -d dist`
9 error Exit status 1
10 error Failed at the redux-study@1.0.0 build script.
10 error This is most likely a problem with the redux-study package,
10 error not with npm itself.
10 error Tell the author that this fails on your system:
10 error     babel src -d dist
10 error You can get their info via:
10 error     npm owner ls redux-study
10 error There is likely additional logging output above.
11 error System Darwin 14.3.0
12 error command "/Users/No51/.nvm/v0.10.32/bin/node" "/Users/No51/.nvm/v0.10.32/bin/npm" "run" "build"
13 error cwd /Users/No51/Desktop/Git/react/redux
14 error node -v v0.10.32
15 error npm -v 1.4.28
16 error code ELIFECYCLE
17 verbose exit [ 1, true ]
